--2025-11-03 23:00:52--  https://quietbrand.store/
Resolving quietbrand.store (quietbrand.store)... 185.133.35.14, 185.133.35.13
Connecting to quietbrand.store (quietbrand.store)|185.133.35.14|:443... connected.
HTTP request sent, awaiting response... 
  HTTP/1.1 200 OK
  Date: Tue, 04 Nov 2025 04:00:54 GMT
  Content-Type: text/html; charset=UTF-8
  Transfer-Encoding: chunked
  Connection: keep-alive
  CF-RAY: 999135015be5efc7-TPA
  vary: Accept-Encoding
  Set-Cookie: store_session_payload_6399674=4305fbce07483b9eca2463bc991923f8e70c9418%7EeyJpdiI6IkZZWW14SHYyRHJCVml1dWI5WHh3SHc9PSIsInZhbHVlIjoiQXp4bThuTnJmWXAvbGc5aWxZNGc1TXZEWEFEN2huQ05RUW91UElUSERpZGxzNFM3SENrSTQreGZPZzJ3bGRIaURUMGJCTzV5WEUvRmI5UjlNZk1GbHREYUNrTGlJdi82QTRidkdEM1lFQ2o5N1pCeFoyajEzaktRMmxEbkhCSmYxN0dISnltZ2JTZHlJcnBhTklyZkYvOGw3dFY3YlA5MXFzUmVCcUNacHhpMkNxUGlWR0hXMFBhcG9jWTI5eTVvdVJGUU5sc0Z0azlvemFOVlo5eEJnY2pnbTF1cmMzRXdtNDZuUHJ2K0NiMlNqRURwMXZ1aXprUGFTRFVzVS9lcU8xWjY0N25zaUI1Z0Z6aFZOTEpieEtobDh1S3NOQWltamxQdTZ5Ris1dnpKZFM2N0h6M2tvS2R3MmYyRWZuZzlpMXZrVERmU0tVWjlobXZ2cEZkZ2FBPT0iLCJtYWMiOiIwNTFlNDJmOWIyMDMyM2M5Y2NjNjI3M2QzZTQ1OTM0MzdiOGQzZDkwODMxZmE5NGRhNGFhMzgxY2M2NTg3YzQ3In0%3D; expires=Thu, 04-Dec-2025 04:00:54 GMT; Max-Age=2592000; path=/; samesite=Lax; domain=quietbrand.store; secure; HttpOnly
  Set-Cookie: store_login_session=e9091b685cb1d9eca155481981c3bccc031d00d9%7E95d74a7a77bb6d477d6f02e22cfbbef219b35d6e9de6a332a6b8ffd63975d9de; expires=Thu, 04-Dec-2025 04:00:54 GMT; Max-Age=2592000; path=/; samesite=Lax; domain=quietbrand.store; secure
  Set-Cookie: __cf_bm=YhpCYQkqMkDq4RLK.3.icApJRFuYFgLm8KFkTtGnXYg-1762228854-1.0.1.1-F9qBvhm6_dWNsn743cmv1maYJal42ruDIDT4GGh38GbJlPchf6Fybqm.SSzECivayVi_6pS4fczNi78J1s.jXC1fWcf2P8O6gqp2iA.4jyM; path=/; expires=Tue, 04-Nov-25 04:30:54 GMT; domain=.quietbrand.store; HttpOnly; Secure; SameSite=None
  x-content-type-options: nosniff
  content-security-policy: frame-ancestors 'self' mitiendanube.com *.mitiendanube.com lojavirtualnuvem.com.br *.lojavirtualnuvem.com.br mitiendanube.com.ar *.mitiendanube.com.ar mitiendanube.com.mx *.mitiendanube.com.mx mitiendanube.com.co *.mitiendanube.com.co mitiendanube.cl *.mitiendanube.cl; upgrade-insecure-requests
  strict-transport-security: max-age=31536000; includeSubDomains; preload
  x-permitted-cross-domain-policies: none
  x-xss-protection: 1; mode=block
  x-download-options: noopen
  x-cache: miss
  x-version: 206-72df05c248-p4-219
  CF-Cache-Status: BYPASS
  Server: cloudflare
Length: unspecified [text/html]
Saving to: 'quietbrand.store/index.html'

     0K .......... .......... .......... .......... .......... 15,1M
    50K .......... .......... .......... .......... .......... 11,3M
   100K .......... .......... .......... .......... ..........  850K
   150K .......... .......... .......... .......... .......... 10,4M
   200K .......... .......... .......... .......... .......... 11,2M
   250K .......... .......... .......... .......... .......... 12,0M
   300K .......... .......... .......... .......... .......... 8,82M
   350K .......... .......... .......... .......... .......... 1,03M
   400K .......... .......... .......... .......... .......... 12,0M
   450K .......... .......... .......... .......... .......... 11,5M
   500K .......... .......... .......... .......... .......... 11,7M
   550K .......... .......... .......... .......... .......... 12,0M
   600K .......... .......... .......... ...                   13,5M=0,2s

Last-modified header missing -- time-stamps turned off.
2025-11-03 23:00:54 (4,09 MB/s) - 'quietbrand.store/index.html' saved [649167]

--2025-11-03 23:00:55--  https://quietbrand.store/account/register
Reusing existing connection to quietbrand.store:443.
HTTP request sent, awaiting response... 
  HTTP/1.1 200 OK
  Date: Tue, 04 Nov 2025 04:00:56 GMT
  Content-Type: text/html; charset=UTF-8
  Transfer-Encoding: chunked
  Connection: keep-alive
  CF-RAY: 999135103f9cefc7-TPA
  vary: Accept-Encoding
  Set-Cookie: store_session_payload_6399674=e99aa0b5704f2b70f6c06ae55601a68035c58887%7EeyJpdiI6ImVrNHBLdkNHeW9sZHcxT09LbWppbnc9PSIsInZhbHVlIjoieFNPWENTeVloazZXU3hGcW4rR0JyRHZCUkZjdWxkOVNvYzFqTC85dFN3dU1BN2E4YmNVVE9ubytMV0ZyTGxWblVNYUtKK24wdUZjdE5aUkZscU5wRjVpdjBaYVBsb1JpZTlWTS9tOVRMeHBtbWthYkx6TXA0Rzd2ZkVZc0hUYlhJMUt3NXRoUjQ1T0ZPR0ZUQWhtazJYbW5ZNXRqM1kvUEhYZlJQK0xFWHo3MGo5YzhRVXQ4RG1ObjNDeFhYWkEraERxVHZFdytrRGZyYUZyQWsrTFU1WEdxdlBJK0xqWm10citsLzI4TmV0TXFlNzVoUS8zUkdWZ2c3TFQvVTdxbktaS2M5K21POFRITDcxTGdpY2t6Z0d1RmI1SWthakx0Ym9iQStIT0VPZ3FOcjJOQjg2OWZkaWdZVzJwUEFCYmc2RzdqbURCenlMZXBGUXIyZFgyaERRPT0iLCJtYWMiOiJiYmU0OGY1YjNhN2E5OGZjNDk4NzJjMDhmNDVjY2Q0OGZjM2ZjY2ViMzk5YTYzODRkMzAxM2Q0ZDAzNGFlYjcyIn0%3D; expires=Thu, 04-Dec-2025 04:00:56 GMT; Max-Age=2592000; path=/; samesite=Lax; domain=quietbrand.store; secure; HttpOnly
  Set-Cookie: store_login_session=e9091b685cb1d9eca155481981c3bccc031d00d9%7E95d74a7a77bb6d477d6f02e22cfbbef219b35d6e9de6a332a6b8ffd63975d9de; expires=Thu, 04-Dec-2025 04:00:56 GMT; Max-Age=2592000; path=/; samesite=Lax; domain=quietbrand.store; secure
  x-content-type-options: nosniff
  content-security-policy: frame-ancestors 'self' mitiendanube.com *.mitiendanube.com lojavirtualnuvem.com.br *.lojavirtualnuvem.com.br mitiendanube.com.ar *.mitiendanube.com.ar mitiendanube.com.mx *.mitiendanube.com.mx mitiendanube.com.co *.mitiendanube.com.co mitiendanube.cl *.mitiendanube.cl; upgrade-insecure-requests
  strict-transport-security: max-age=31536000; includeSubDomains; preload
  x-permitted-cross-domain-policies: none
  x-xss-protection: 1; mode=block
  x-download-options: noopen
  x-version: 216-72df05c248-p4-129
  cf-cache-status: DYNAMIC
  Server: cloudflare
Length: unspecified [text/html]
Saving to: 'quietbrand.store/account/register.html'

     0K .......... .......... .......... .......... .......... 15,2M
    50K .......... .......... .......... .......... .......... 10,4M
   100K .......... .......... .......... .......... .......... 11,7M
   150K .......... .......... .......... .......... .......... 11,7M
   200K .......... .......... .......... .......... .......... 11,7M
   250K .......... .......... .......... .......... .......... 8,81M
   300K .......... .......... .....                            34,3M=0,03s

Last-modified header missing -- time-stamps turned off.
2025-11-03 23:00:56 (11,9 MB/s) - 'quietbrand.store/account/register.html' saved [332846]

--2025-11-03 23:00:57--  https://quietbrand.store/account/login/
Reusing existing connection to quietbrand.store:443.
HTTP request sent, awaiting response... 
  HTTP/1.1 200 OK
  Date: Tue, 04 Nov 2025 04:00:58 GMT
  Content-Type: text/html; charset=UTF-8
  Transfer-Encoding: chunked
  Connection: keep-alive
  CF-RAY: 999135192af4efc7-TPA
  vary: Accept-Encoding
  Set-Cookie: store_session_payload_6399674=77f98657d451973b6ebdd9cbea9ab691192c1f69%7EeyJpdiI6IlJOZVN3bjE5UGhNQjFaWExXVFMzVHc9PSIsInZhbHVlIjoieXhKdHhGSElXVDlPa1NhL05uSUduOE1yZ3ZUdDFPWWlGU3EvaWhmWFQvVnk5SGh5N2hyOGRCZkZpWjEvdEE1cU01NUo0S3RFSG54cnYzWXZlbjNvTTBSMnZCNnFjU0EwZ1ZMOVdNOG5aeW1CVEFjMEZZQjUxN25hT2RFa2YzVm9sL2NTb29VL2IwVmtFUjBWOTRJRG1Wd3RVMjhKckdPUGFQWSt4eGpxSXg5bnZyQjZpb2NUM0NER0xDN1BHMnM5TG5qQk01VFUxK2s2MzlpODZjK09YSmFqUmtSTklQRzFReEpTaTNLMkM5TnpDcFBTNHBFZ1pjNnVDMWd5dGRQbVFhSGFNYS95S3Jpdk5Wa1hiclZzK2tGcjBmOEt3SFdobUV2di82eUdYR1FEcWtGbFFWeXJzNlREZ3gzQjBIeUZuYmMwRmJ3WUxac2R4WlVKNFVQT2xRPT0iLCJtYWMiOiIyYWFjOWY1MTIzY2ZhMGZlOTMwNmZiNGM5ODZkMjY5YTc2NTBhNGI2N2E1YjBjOTY5MzI5NWFlMTQwN2MxMmVkIn0%3D; expires=Thu, 04-Dec-2025 04:00:57 GMT; Max-Age=2592000; path=/; samesite=Lax; domain=quietbrand.store; secure; HttpOnly
  Set-Cookie: store_login_session=e9091b685cb1d9eca155481981c3bccc031d00d9%7E95d74a7a77bb6d477d6f02e22cfbbef219b35d6e9de6a332a6b8ffd63975d9de; expires=Thu, 04-Dec-2025 04:00:57 GMT; Max-Age=2592000; path=/; samesite=Lax; domain=quietbrand.store; secure
  x-content-type-options: nosniff
  content-security-policy: frame-ancestors 'self' mitiendanube.com *.mitiendanube.com lojavirtualnuvem.com.br *.lojavirtualnuvem.com.br mitiendanube.com.ar *.mitiendanube.com.ar mitiendanube.com.mx *.mitiendanube.com.mx mitiendanube.com.co *.mitiendanube.com.co mitiendanube.cl *.mitiendanube.cl; upgrade-insecure-requests
  strict-transport-security: max-age=31536000; includeSubDomains; preload
  x-permitted-cross-domain-policies: none
  x-xss-protection: 1; mode=block
  x-download-options: noopen
  x-version: 224-72df05c248-p4-17
  cf-cache-status: DYNAMIC
  Server: cloudflare
Length: unspecified [text/html]
Saving to: 'quietbrand.store/account/login/index.html'

     0K .......... .......... .......... .......... .......... 12,1M
    50K .......... .......... .......... .......... .......... 12,0M
   100K .......... .......... .......... .......... .......... 9,45M
   150K .......... .......... .......... .......... .......... 12,8M
   200K .......... .......... .......... .......... .......... 12,0M
   250K .......... .......... .......... .......... .......... 11,7M
   300K .......... .......... ...                              14,6M=0,03s

Last-modified header missing -- time-stamps turned off.
2025-11-03 23:00:57 (11,7 MB/s) - 'quietbrand.store/account/login/index.html' saved [330973]

--2025-11-03 23:00:58--  https://quietbrand.store/hoddies/
Reusing existing connection to quietbrand.store:443.
HTTP request sent, awaiting response... 
  HTTP/1.1 200 OK
  Date: Tue, 04 Nov 2025 04:00:59 GMT
  Content-Type: text/html; charset=UTF-8
  Transfer-Encoding: chunked
  Connection: keep-alive
  CF-RAY: 99913522f91aefc7-TPA
  vary: Accept-Encoding
  x-content-type-options: nosniff
  content-security-policy: frame-ancestors 'self' mitiendanube.com *.mitiendanube.com lojavirtualnuvem.com.br *.lojavirtualnuvem.com.br mitiendanube.com.ar *.mitiendanube.com.ar mitiendanube.com.mx *.mitiendanube.com.mx mitiendanube.com.co *.mitiendanube.com.co mitiendanube.cl *.mitiendanube.cl; upgrade-insecure-requests
  strict-transport-security: max-age=31536000; includeSubDomains; preload
  x-permitted-cross-domain-policies: none
  x-xss-protection: 1; mode=block
  x-download-options: noopen
  x-cache-time: 2025-11-03 15:56:08.411
  Cache-Control: public, s-maxage=86400, no-store
  x-version: 227-72df05c248-p4-53
  Last-Modified: Mon, 03 Nov 2025 15:56:08 GMT
  CF-Cache-Status: HIT
  Server: cloudflare
Length: unspecified [text/html]
Saving to: 'quietbrand.store/hoddies/index.html'

     0K .......... .......... .......... .......... .......... 11,9M
    50K .......... .......... .......... .......... .......... 11,0M
   100K .......... .......... .......... .......... .......... 10,7M
   150K .......... .......... .......... .......... .......... 11,7M
   200K .......... .......... .......... .......... .......... 11,7M
   250K .......... .......... .......... .......... .......... 12,0M
   300K .......... .......... .......... .......... .......... 11,7M
   350K .......... .......... ..........                       12,4M=0,03s

2025-11-03 23:00:58 (11,6 MB/s) - 'quietbrand.store/hoddies/index.html' saved [389936]

--2025-11-03 23:00:59--  https://quietbrand.store/pants/
Reusing existing connection to quietbrand.store:443.
HTTP request sent, awaiting response... 
  HTTP/1.1 200 OK
  Date: Tue, 04 Nov 2025 04:01:00 GMT
  Content-Type: text/html; charset=UTF-8
  Transfer-Encoding: chunked
  Connection: keep-alive
  CF-RAY: 9991352aea4befc7-TPA
  vary: Accept-Encoding
  x-content-type-options: nosniff
  content-security-policy: frame-ancestors 'self' mitiendanube.com *.mitiendanube.com lojavirtualnuvem.com.br *.lojavirtualnuvem.com.br mitiendanube.com.ar *.mitiendanube.com.ar mitiendanube.com.mx *.mitiendanube.com.mx mitiendanube.com.co *.mitiendanube.com.co mitiendanube.cl *.mitiendanube.cl; upgrade-insecure-requests
  strict-transport-security: max-age=31536000; includeSubDomains; preload
  x-permitted-cross-domain-policies: none
  x-xss-protection: 1; mode=block
  x-download-options: noopen
  x-cache-time: 2025-11-03 15:56:24.897
  Cache-Control: public, s-maxage=86400, no-store
  x-version: 200-72df05c248-p4-224
  Last-Modified: Mon, 03 Nov 2025 15:56:24 GMT
  CF-Cache-Status: HIT
  Server: cloudflare
Length: unspecified [text/html]
Saving to: 'quietbrand.store/pants/index.html'

     0K .......... .......... .......... .......... .......... 10,9M
    50K .......... .......... .......... .......... .......... 11,7M
   100K .......... .......... .......... .......... .......... 10,2M
   150K .......... .......... .......... .......... .......... 11,7M
   200K .......... .......... .......... .......... .......... 12,0M
   250K .......... .......... .......... .......... .......... 11,7M
   300K .......... .......... .....                            13,7M=0,03s

2025-11-03 23:01:00 (11,5 MB/s) - 'quietbrand.store/pants/index.html' saved [333577]

--2025-11-03 23:01:01--  https://quietbrand.store/accesories/
Reusing existing connection to quietbrand.store:443.
HTTP request sent, awaiting response... 
  HTTP/1.1 200 OK
  Date: Tue, 04 Nov 2025 04:01:01 GMT
  Content-Type: text/html; charset=UTF-8
  Transfer-Encoding: chunked
  Connection: keep-alive
  CF-RAY: 9991353279e1efc7-TPA
  vary: Accept-Encoding
  x-content-type-options: nosniff
  content-security-policy: frame-ancestors 'self' mitiendanube.com *.mitiendanube.com lojavirtualnuvem.com.br *.lojavirtualnuvem.com.br mitiendanube.com.ar *.mitiendanube.com.ar mitiendanube.com.mx *.mitiendanube.com.mx mitiendanube.com.co *.mitiendanube.com.co mitiendanube.cl *.mitiendanube.cl; upgrade-insecure-requests
  strict-transport-security: max-age=31536000; includeSubDomains; preload
  x-permitted-cross-domain-policies: none
  x-xss-protection: 1; mode=block
  x-download-options: noopen
  x-cache-time: 2025-11-03 15:55:58.558
  Cache-Control: public, s-maxage=86400, no-store
  x-version: 216-72df05c248-p4-166
  Last-Modified: Mon, 03 Nov 2025 15:55:58 GMT
  CF-Cache-Status: HIT
  Server: cloudflare
Length: unspecified [text/html]
Saving to: 'quietbrand.store/accesories/index.html'

     0K .......... .......... .......... .......... .......... 10,3M
    50K .......... .......... .......... .......... .......... 11,7M
   100K .......... .......... .......... .......... .......... 10,2M
   150K .......... .......... .......... .......... .......... 11,7M
   200K .......... .......... .......... .......... .......... 12,0M
   250K .......... .......... .......... .......... .......... 11,7M
   300K .......... .......... .......... .......... .......... 11,7M
   350K .......... .......... .......                          12,6M=0,03s

2025-11-03 23:01:01 (11,3 MB/s) - 'quietbrand.store/accesories/index.html' saved [386520]

--2025-11-03 23:01:02--  https://quietbrand.store/t-shirt/
Reusing existing connection to quietbrand.store:443.
HTTP request sent, awaiting response... 
  HTTP/1.1 200 OK
  Date: Tue, 04 Nov 2025 04:01:03 GMT
  Content-Type: text/html; charset=UTF-8
  Transfer-Encoding: chunked
  Connection: keep-alive
  CF-RAY: 9991353c0851efc7-TPA
  vary: Accept-Encoding
  x-content-type-options: nosniff
  content-security-policy: frame-ancestors 'self' mitiendanube.com *.mitiendanube.com lojavirtualnuvem.com.br *.lojavirtualnuvem.com.br mitiendanube.com.ar *.mitiendanube.com.ar mitiendanube.com.mx *.mitiendanube.com.mx mitiendanube.com.co *.mitiendanube.com.co mitiendanube.cl *.mitiendanube.cl; upgrade-insecure-requests
  strict-transport-security: max-age=31536000; includeSubDomains; preload
  x-permitted-cross-domain-policies: none
  x-xss-protection: 1; mode=block
  x-download-options: noopen
  x-cache-time: 2025-11-03 15:56:32.607
  Cache-Control: public, s-maxage=86400, no-store
  x-version: 222-72df05c248-p4-179
  Last-Modified: Mon, 03 Nov 2025 15:56:32 GMT
  CF-Cache-Status: HIT
  Server: cloudflare
Length: unspecified [text/html]
Saving to: 'quietbrand.store/t-shirt/index.html'

     0K .......... .......... .......... .......... .......... 14,6M
    50K .......... .......... .......... .......... .......... 11,7M
   100K .......... .......... .......... .......... .......... 9,68M
   150K .......... .......... .......... .......... .......... 12,0M
   200K .......... .......... .......... .......... .......... 11,7M
   250K .......... .......... .......... .......... .......... 11,6M
   300K .......... .......... .......... .......... .......... 12,1M
   350K .......... .......... .......... .......... .......... 8,82M
   400K .......... .......... .......... .......... .......... 11,7M
   450K .......... .......... .......... .......... .......... 11,7M
   500K .......... .......... .......... .......... .......... 12,0M
   550K .......... .......... .......... .....                 15,4M=0,05s

2025-11-03 23:01:02 (11,6 MB/s) - 'quietbrand.store/t-shirt/index.html' saved [599262]

--2025-11-03 23:01:03--  https://quietbrand.store/mistery-box/
Reusing existing connection to quietbrand.store:443.
HTTP request sent, awaiting response... 
  HTTP/1.1 200 OK
  Date: Tue, 04 Nov 2025 04:01:04 GMT
  Content-Type: text/html; charset=UTF-8
  Transfer-Encoding: chunked
  Connection: keep-alive
  CF-RAY: 99913542ab68efc7-TPA
  vary: Accept-Encoding
  x-content-type-options: nosniff
  content-security-policy: frame-ancestors 'self' mitiendanube.com *.mitiendanube.com lojavirtualnuvem.com.br *.lojavirtualnuvem.com.br mitiendanube.com.ar *.mitiendanube.com.ar mitiendanube.com.mx *.mitiendanube.com.mx mitiendanube.com.co *.mitiendanube.com.co mitiendanube.cl *.mitiendanube.cl; upgrade-insecure-requests
  strict-transport-security: max-age=31536000; includeSubDomains; preload
  x-permitted-cross-domain-policies: none
  x-xss-protection: 1; mode=block
  x-download-options: noopen
  x-cache-time: 2025-11-04 01:04:58.688
  Cache-Control: public, s-maxage=86400, no-store
  x-version: 236-72df05c248-p4-101
  Last-Modified: Tue, 04 Nov 2025 01:04:58 GMT
  CF-Cache-Status: HIT
  Server: cloudflare
Length: unspecified [text/html]
Saving to: 'quietbrand.store/mistery-box/index.html'

     0K .......... .......... .......... .......... .......... 14,1M
    50K .......... .......... .......... .......... .......... 11,7M
   100K .......... .......... .......... .......... .......... 11,6M
   150K .......... .......... .......... .......... .......... 12,0M
   200K .......... .......... .......... .......... .......... 11,7M
   250K .......... .......... .......... .......... .......... 11,7M
   300K .......... .......... .......... .......... .......... 12,0M
   350K ......                                                 13,3M=0,03s

2025-11-03 23:01:03 (12,1 MB/s) - 'quietbrand.store/mistery-box/index.html' saved [364667]

--2025-11-03 23:01:04--  https://quietbrand.store/contacto/
Reusing existing connection to quietbrand.store:443.
HTTP request sent, awaiting response... 
  HTTP/1.1 200 OK
  Date: Tue, 04 Nov 2025 04:01:05 GMT
  Content-Type: text/html; charset=UTF-8
  Transfer-Encoding: chunked
  Connection: keep-alive
  CF-RAY: 99913549d82aefc7-TPA
  vary: Accept-Encoding
  Set-Cookie: store_session_payload_6399674=f413607eec916d623af7b23b6543a9278070c512%7EeyJpdiI6ImFFNjlZbkxITVlsNEovNzVPalFybVE9PSIsInZhbHVlIjoiajNkcHQxOUxSUk1lVHh3ZWRnbmh6eDloVjZjUE5oeURucHlTZFIxbmpBQ0o0bnVjRTVMV09ZS3czK1IzQWNTMjQrTkhpK3RoZzJ3RWRKQUcxTWQzRi9HdTRncFFMa3o3OGQ1MHNOZFlrdTl3Q3RicncwSGM2R3JITXVKVVEyTWs3eTBJOGNHSUFUYlhVSTJxZ1pGT210dFZmUHBYM29WeDl6T2s3QkFZaDRpWTFpeU5BVVEyWGhvTHZaYjFtM0YwMHYxdVdtcGM2akQrZ010M3RiMWZrZmxKNWdQa0lQSjJTeTA5d25OMmZVVjNzYnlOMXpDMHlvcmQ0Z2ZoZzJpVDVqRE1yN1ovV3duSTZzcU5qQlZ3bGliS2dPQzRhaXBMRGcvWGlCbTM5Q1VLb0huZk1WaFVGVU1KdEpEaURIOEhYTUlEY01uTlFCWkxKUHhPR3dXODd3PT0iLCJtYWMiOiJkNTJkMmM3MjFmZWYxZjk4YWE0MWE2NWUyYTY3Y2Y5NjZkNDM4OGUwMzkzODYyNDdlYTQ0ZTI0MjQyOTIzY2U3In0%3D; expires=Thu, 04-Dec-2025 04:01:05 GMT; Max-Age=2592000; path=/; samesite=Lax; domain=quietbrand.store; secure; HttpOnly
  Set-Cookie: store_login_session=e9091b685cb1d9eca155481981c3bccc031d00d9%7E95d74a7a77bb6d477d6f02e22cfbbef219b35d6e9de6a332a6b8ffd63975d9de; expires=Thu, 04-Dec-2025 04:01:05 GMT; Max-Age=2592000; path=/; samesite=Lax; domain=quietbrand.store; secure
  x-content-type-options: nosniff
  content-security-policy: frame-ancestors 'self' mitiendanube.com *.mitiendanube.com lojavirtualnuvem.com.br *.lojavirtualnuvem.com.br mitiendanube.com.ar *.mitiendanube.com.ar mitiendanube.com.mx *.mitiendanube.com.mx mitiendanube.com.co *.mitiendanube.com.co mitiendanube.cl *.mitiendanube.cl; upgrade-insecure-requests
  strict-transport-security: max-age=31536000; includeSubDomains; preload
  x-permitted-cross-domain-policies: none
  x-xss-protection: 1; mode=block
  x-download-options: noopen
  x-version: 225-72df05c248-p4-155
  cf-cache-status: DYNAMIC
  Server: cloudflare
Length: unspecified [text/html]
Saving to: 'quietbrand.store/contacto/index.html'

     0K .......... .......... .......... .......... .......... 13,2M
    50K .......... .......... .......... .......... .......... 11,7M
   100K .......... .......... .......... .......... .......... 10,4M
   150K .......... .......... .......... .......... .......... 11,7M
   200K .......... .......... .......... .......... .......... 12,0M
   250K .......... .......... .......... .......... .......... 11,7M
   300K .......... .......... .                                15,0M=0,03s

Last-modified header missing -- time-stamps turned off.
2025-11-03 23:01:05 (11,9 MB/s) - 'quietbrand.store/contacto/index.html' saved [329662]

--2025-11-03 23:01:06--  https://quietbrand.store/account/reset
Reusing existing connection to quietbrand.store:443.
HTTP request sent, awaiting response... 
  HTTP/1.1 200 OK
  Date: Tue, 04 Nov 2025 04:01:07 GMT
  Content-Type: text/html; charset=UTF-8
  Transfer-Encoding: chunked
  Connection: keep-alive
  CF-RAY: 999135550873efc7-TPA
  vary: Accept-Encoding
  Set-Cookie: store_session_payload_6399674=a2e0bee84bae10eefd42cd3d5aba20f445fb2f05%7EeyJpdiI6ImZtcUZQSGc2Q3hhMXV4bW9uN3NMVWc9PSIsInZhbHVlIjoiS2p5bnFXK3JpbEs3ZE90VDJOMnBNSndBc3pHdGk5eWZRdGx0RVowRU0vdTJ5THVsTC9yRUV6TDAyeGE4QXdwdE1KK2R1Q2RycjBDUjEyYzBsWmlTY2dJY2xMQTRKU01iM1pLSFcyT21sVWcxUDNSeHdWVjVwTnBzZTEydGNkMFhaZVdHYS9DaUJkaFVoY0lYWnV5V3R1UHNTSklXQk5ldjJIQ2tuc2phQ1F3dDE1Z241R09nNUlzWnRUL1FNbVdiNUp0YnVpTHlVd0NFbUhBN2JSdG1PZ3BuVEd4cC9aOTM4SzVFL1Q2WUYxUlN0MHg2K1J0VFdSeGlCMW5WakJ6WUF4YUhCZHdoZ0x5VVozTXp2SkZPbzZoZ0ZKRDRheEljYThzeFBOUUVEaVN6K2xBMGpxa3lOajdTalIzSHVYYitJa1BXeHJERTBBdG5QV2hVek83dHdRPT0iLCJtYWMiOiJjYzFhMzkzMzM4ZTkzYzQ3ZGY1ZDFlODJkYWI5MWZjOTFjMzhlNzMxMDhmZjBmYTBiMDZhNzZiYmFlMzYwMTNkIn0%3D; expires=Thu, 04-Dec-2025 04:01:07 GMT; Max-Age=2592000; path=/; samesite=Lax; domain=quietbrand.store; secure; HttpOnly
  Set-Cookie: store_login_session=e9091b685cb1d9eca155481981c3bccc031d00d9%7E95d74a7a77bb6d477d6f02e22cfbbef219b35d6e9de6a332a6b8ffd63975d9de; expires=Thu, 04-Dec-2025 04:01:07 GMT; Max-Age=2592000; path=/; samesite=Lax; domain=quietbrand.store; secure
  x-content-type-options: nosniff
  content-security-policy: frame-ancestors 'self' mitiendanube.com *.mitiendanube.com lojavirtualnuvem.com.br *.lojavirtualnuvem.com.br mitiendanube.com.ar *.mitiendanube.com.ar mitiendanube.com.mx *.mitiendanube.com.mx mitiendanube.com.co *.mitiendanube.com.co mitiendanube.cl *.mitiendanube.cl; upgrade-insecure-requests
  strict-transport-security: max-age=31536000; includeSubDomains; preload
  x-permitted-cross-domain-policies: none
  x-xss-protection: 1; mode=block
  x-download-options: noopen
  x-version: 216-72df05c248-p4-166
  cf-cache-status: DYNAMIC
  Server: cloudflare
Length: unspecified [text/html]
Saving to: 'quietbrand.store/account/reset.html'

     0K .......... .......... .......... .......... .......... 12,4M
    50K .......... .......... .......... .......... .......... 1,79M
   100K .......... .......... .......... .......... .......... 12,0M
   150K .......... .......... .......... .......... .......... 1,68M
   200K .......... .......... .......... .......... .......... 11,5M
   250K .......... .......... .......... .......... .......... 12,2M
   300K .......... ..........                                  11,5M=0,07s

Last-modified header missing -- time-stamps turned off.
2025-11-03 23:01:07 (4,22 MB/s) - 'quietbrand.store/account/reset.html' saved [328690]

--2025-11-03 23:01:08--  https://quietbrand.store/productos/
Reusing existing connection to quietbrand.store:443.
HTTP request sent, awaiting response... 
  HTTP/1.1 200 OK
  Date: Tue, 04 Nov 2025 04:01:09 GMT
  Content-Type: text/html; charset=UTF-8
  Transfer-Encoding: chunked
  Connection: keep-alive
  CF-RAY: 9991355fd9cbefc7-TPA
  vary: Accept-Encoding
  Set-Cookie: store_session_payload_6399674=ff7be9ce7047c10cd6addc3b322a94ba7dd967a2%7EeyJpdiI6IjRuVEFhRm5VRWl0QW56YkVvTUNJNlE9PSIsInZhbHVlIjoiTW1iRnJDMXAwelRGZTJKUzJJZGMxSkg4VHdhMlg0SFd1UkR1dzhnNGVZRFUrVGtiaFM0Y25yRDg2NFJRL2QrUmY5bVhtS0g2WWwwZUpGVU9PZDNSRGJOODkxMENnMlVYTVZCekVLaDJOeXpZVVpLakdUYkFpdHFyM01RTlduenVWc2NCNzlmME1oY3UrbVhJc0NYcHJzeG9IUC9oWlhDc3o1V0Z2ekZjeUhUSTMvUTJ2NDhLeVMvYWRIODNzZUhFYmxhTitmUWJRclMwcEtBbmRVUFlQZXZVZUtVdmdueTJ2TkU1ZmdDcFVKcEVTZkh6eEF3ZDA2QnNFUGZhOEd1MXdacjFxU2Q2MzFDd2hrQVFTSk80Yjd3THVWRGlVQ2M5eVQ2L1h2c2dtL2p4dWkzakNERTMyZGNKSEU1UHRrQkFpVUV2a0Vzb3NINGloL2tJdzhYUjd3PT0iLCJtYWMiOiJkMTU5YTA5NGMxNTU1ZDA3OWZmZWNkNTUwZDAyMWU2ODhjMDRmMWU2YzYwYzU2Zjk1YzQ0N2Q2ZDg2Y2QxMjRmIn0%3D; expires=Thu, 04-Dec-2025 04:01:09 GMT; Max-Age=2592000; path=/; samesite=Lax; domain=quietbrand.store; secure; HttpOnly
  Set-Cookie: store_login_session=e9091b685cb1d9eca155481981c3bccc031d00d9%7E95d74a7a77bb6d477d6f02e22cfbbef219b35d6e9de6a332a6b8ffd63975d9de; expires=Thu, 04-Dec-2025 04:01:09 GMT; Max-Age=2592000; path=/; samesite=Lax; domain=quietbrand.store; secure
  x-content-type-options: nosniff
  content-security-policy: frame-ancestors 'self' mitiendanube.com *.mitiendanube.com lojavirtualnuvem.com.br *.lojavirtualnuvem.com.br mitiendanube.com.ar *.mitiendanube.com.ar mitiendanube.com.mx *.mitiendanube.com.mx mitiendanube.com.co *.mitiendanube.com.co mitiendanube.cl *.mitiendanube.cl; upgrade-insecure-requests
  strict-transport-security: max-age=31536000; includeSubDomains; preload
  x-permitted-cross-domain-policies: none
  x-xss-protection: 1; mode=block
  x-download-options: noopen
  x-version: 216-72df05c248-p4-254
  cf-cache-status: DYNAMIC
  Server: cloudflare
Length: unspecified [text/html]
Saving to: 'quietbrand.store/productos/index.html'

     0K .......... .......... .......... .......... .......... 14,3M
    50K .......... .......... .......... .......... .......... 12,1M
   100K .......... .......... .......... .......... .......... 7,74M
   150K .......... .......... .......... .......... .......... 11,7M
   200K .......... .......... .......... .......... .......... 12,0M
   250K .......... .......... .......... .......... .......... 11,7M
   300K .......... .......... .......... .......... .......... 11,6M
   350K .......... .......... .......... .......... .......... 11,7M
   400K .......... .......... .......... .......... .......... 12,0M
   450K .......... .......... .......... .......... .......... 11,7M
   500K .......... .......... .......... .......... .......... 9,03M
   550K .......... .....                                        290G=0,05s

Last-modified header missing -- time-stamps turned off.
2025-11-03 23:01:09 (11,5 MB/s) - 'quietbrand.store/productos/index.html' saved [578786]

--2025-11-03 23:01:10--  https://quietbrand.store/productos/hoddie-rose
Reusing existing connection to quietbrand.store:443.
HTTP request sent, awaiting response... 
  HTTP/1.1 404 Not Found
  Date: Tue, 04 Nov 2025 04:01:11 GMT
  Content-Type: text/html; charset=UTF-8
  Transfer-Encoding: chunked
  Connection: keep-alive
  CF-RAY: 9991356d18f3efc7-TPA
  vary: Accept-Encoding
  x-version: 194-72df05c248-p4-92
  x-content-type-options: nosniff
  content-security-policy: frame-ancestors 'self' mitiendanube.com *.mitiendanube.com lojavirtualnuvem.com.br *.lojavirtualnuvem.com.br mitiendanube.com.ar *.mitiendanube.com.ar mitiendanube.com.mx *.mitiendanube.com.mx mitiendanube.com.co *.mitiendanube.com.co mitiendanube.cl *.mitiendanube.cl; upgrade-insecure-requests
  strict-transport-security: max-age=31536000; includeSubDomains; preload
  x-permitted-cross-domain-policies: none
  x-xss-protection: 1; mode=block
  x-download-options: noopen
  CF-Cache-Status: BYPASS
  Server: cloudflare
2025-11-03 23:01:10 ERROR 404: Not Found.

--2025-11-03 23:01:12--  https://quietbrand.store/account
Reusing existing connection to quietbrand.store:443.
HTTP request sent, awaiting response... 
  HTTP/1.1 302 Found
  Date: Tue, 04 Nov 2025 04:01:13 GMT
  Content-Type: text/html; charset=UTF-8
  Transfer-Encoding: chunked
  Connection: keep-alive
  CF-RAY: 99913578ea1defc7-TPA
  location: https://quietbrand.store/account/login/
  Set-Cookie: store_session_payload_6399674=f3dfd9603738dbf93407ce55b000830d0ef29ab1%7EeyJpdiI6InZWTG5UUEZSNFd5c21WeVhmSTk2eUE9PSIsInZhbHVlIjoiSjBJRUkrcHMwQXhEQXBuZGVmUWhaWklPSnQ2ZnhoQVc1SUZSU1p6WVd0N2YwbURxYUNuZ2EwbTF2QU8yQkpJUVZ1MHhiZG9sYTNHZWpLRGtBSVJ1amFXZGRGcHdDZUNUb1RwbDFNUVNjVnR0WFQ2Mmp3ZFNPdUk4MGFlSlFKYmlYNFNHNUE1cnlzZ2dGVTIrK0EzcFZzSHE4bUQveVRvMzMwWVppMW4wck9xZUxkRStpZkYzNEhrN3Zya0UzVDBPL1ZUNWlrdGpDTFV0Tk9SSnd5T0t1MFZnYk05Sk1TWlJYUzNWN01CckFjMGliL3pxYlMyd1JaakxBME1IdysvaDFXTTN0TWszUndEMC9uYlc2WkxGd01CS0NqYzQ3SXMrZUJ4amJrMlB4Sys2bWgzblJEVzA0bTBEN0F3U2dzSjhsdHZERDlPbUlmZEFWKzQxdzRNUHc2QjhHZC9hVE1reVc0b1Z1cWFFZjlZPSIsIm1hYyI6ImVkN2ZiNzQ1MDIwMTFhZTdjMzQ1OWQ3ZGM4OTdiOTBmZWIyZDA4NzJkY2JhMjgxYTg3Y2RlNTJmZjFkZDIzNTgifQ%3D%3D; expires=Thu, 04-Dec-2025 04:01:13 GMT; Max-Age=2592000; path=/; samesite=Lax; domain=quietbrand.store; secure; HttpOnly
  Set-Cookie: store_login_session=e9091b685cb1d9eca155481981c3bccc031d00d9%7E95d74a7a77bb6d477d6f02e22cfbbef219b35d6e9de6a332a6b8ffd63975d9de; expires=Thu, 04-Dec-2025 04:01:13 GMT; Max-Age=2592000; path=/; samesite=Lax; domain=quietbrand.store; secure
  x-content-type-options: nosniff
  content-security-policy: frame-ancestors 'self' mitiendanube.com *.mitiendanube.com lojavirtualnuvem.com.br *.lojavirtualnuvem.com.br mitiendanube.com.ar *.mitiendanube.com.ar mitiendanube.com.mx *.mitiendanube.com.mx mitiendanube.com.co *.mitiendanube.com.co mitiendanube.cl *.mitiendanube.cl; upgrade-insecure-requests
  strict-transport-security: max-age=31536000; includeSubDomains; preload
  x-permitted-cross-domain-policies: none
  x-xss-protection: 1; mode=block
  x-download-options: noopen
  x-version: 206-72df05c248-p4-43
  cf-cache-status: DYNAMIC
  Server: cloudflare
Location: https://quietbrand.store/account/login/ [following]
--2025-11-03 23:01:13--  https://quietbrand.store/account/login/
Reusing existing connection to quietbrand.store:443.
HTTP request sent, awaiting response... 
  HTTP/1.1 200 OK
  Date: Tue, 04 Nov 2025 04:01:14 GMT
  Content-Type: text/html; charset=UTF-8
  Transfer-Encoding: chunked
  Connection: keep-alive
  CF-RAY: 99913581095cefc7-TPA
  vary: Accept-Encoding
  Set-Cookie: store_session_payload_6399674=bfe2177e579ebfb018dab66de30697d366e0cebd%7EeyJpdiI6InorSlN0cmIrcnFrRjRYa0gyWjBTbnc9PSIsInZhbHVlIjoiK1RJdUN5TlY0NFVaQTdlMXFpdjZoU2s0a2ZRVXhzYnM4dERvMnE4VnAydzVHc0F3WC9KK1BMN3dmSEkzTk9Ybi9UZlY4a0hTMGgrY1psVXdEcGM2Zm4vNGNrSENOUGw2SkFtVG0zbFpNQy9yaG51MFhvWkpveGllaEhxUlk1RnpsK0xRUHIvZHZXYkhqYTRhbWV2UitURVV0Ykk1Sjh3OEkxbDVuckNCdkRlb0NOVFU2NVVZOGVwWDVnNVE0UjR3ZktnVmZqOENteWxQd09NT2s0ckx3ald3M3FVS1dxS1VkemZEcjd5cHFteHp1YTlLUzlVcjcyWG5pOTU2VUpMMGJtVXFxMEIwb0tMcmZNSkFaYnR1QWpyeGZnZXo2M3lnSjYxcDNMNW1KWmJPaVBZWDBnTWpjZ0p4Wi9HTHFLcFZId25DVVJIeE5iQ05YazA5VU9zL2JBPT0iLCJtYWMiOiJiZmJjMmU4MDMzMzk0ZTM1YTAzZTYzOThmYzNiYWQ5NDA5NWM3YjZjMmM2NjU3ZjZjOTBkZWNlODlmY2MzYmY1In0%3D; expires=Thu, 04-Dec-2025 04:01:14 GMT; Max-Age=2592000; path=/; samesite=Lax; domain=quietbrand.store; secure; HttpOnly
  Set-Cookie: store_login_session=e9091b685cb1d9eca155481981c3bccc031d00d9%7E95d74a7a77bb6d477d6f02e22cfbbef219b35d6e9de6a332a6b8ffd63975d9de; expires=Thu, 04-Dec-2025 04:01:14 GMT; Max-Age=2592000; path=/; samesite=Lax; domain=quietbrand.store; secure
  x-content-type-options: nosniff
  content-security-policy: frame-ancestors 'self' mitiendanube.com *.mitiendanube.com lojavirtualnuvem.com.br *.lojavirtualnuvem.com.br mitiendanube.com.ar *.mitiendanube.com.ar mitiendanube.com.mx *.mitiendanube.com.mx mitiendanube.com.co *.mitiendanube.com.co mitiendanube.cl *.mitiendanube.cl; upgrade-insecure-requests
  strict-transport-security: max-age=31536000; includeSubDomains; preload
  x-permitted-cross-domain-policies: none
  x-xss-protection: 1; mode=block
  x-download-options: noopen
  x-version: 210-72df05c248-p4-248
  cf-cache-status: DYNAMIC
  Server: cloudflare
Length: unspecified [text/html]
Saving to: 'quietbrand.store/account.1.html'

     0K .......... .......... .......... .......... .......... 12,2M
    50K .......... .......... .......... .......... .......... 11,0M
   100K .......... .......... .......... .......... .......... 11,7M
   150K .......... .......... .......... .......... .......... 11,7M
   200K .......... .......... .......... .......... .......... 10,6M
   250K .......... .......... .......... .......... .......... 11,8M
   300K .......... .......... ...                              15,2M=0,03s

Last-modified header missing -- time-stamps turned off.
2025-11-03 23:01:14 (11,7 MB/s) - 'quietbrand.store/account.1.html' saved [330973]

FINISHED --2025-11-03 23:01:14--
Total wall clock time: 21s
Downloaded: 12 files, 4,7M in 0,6s (8,57 MB/s)
Converting links in quietbrand.store/index.html... 103.
60-43
Converting links in quietbrand.store/accesories/index.html... 60.
38-22
Converting links in quietbrand.store/account.1.html... 61.
42-19
Converting links in quietbrand.store/account/register.html... 60.
41-19
Converting links in quietbrand.store/contacto/index.html... 57.
37-20
Converting links in quietbrand.store/pants/index.html... 56.
37-19
Converting links in quietbrand.store/account/reset.html... 59.
40-19
Converting links in quietbrand.store/t-shirt/index.html... 93.
62-31
Converting links in quietbrand.store/mistery-box/index.html... 60.
40-20
Converting links in quietbrand.store/account/login/index.html... 61.
42-19
Converting links in quietbrand.store/productos/index.html... 89.
58-31
Converting links in quietbrand.store/hoddies/index.html... 63.
42-21
Converted links in 12 files in 0,2 seconds.
